<?xml version="1.0" encoding="UTF-8"?>
<coverage generated="1653461066760" clover="3.2.0">
  <project timestamp="1653461066760" name="All files">
    <metrics statements="26" coveredstatements="26" conditionals="24" coveredconditionals="24" methods="4" coveredmethods="4" elements="54" coveredelements="54" complexity="0" loc="26" ncloc="26" packages="1" files="1" classes="1"/>
    <file name="MathBasic.js" path="C:\Koding\dicoding\back-end-course\back-end-expert\math-api\src\MathBasic.js">
      <metrics statements="26" coveredstatements="26" conditionals="24" coveredconditionals="24" methods="4" coveredmethods="4"/>
      <line num="1" count="1" type="stmt"/>
      <line num="3" count="10" type="cond" truecount="2" falsecount="0"/>
      <line num="4" count="4" type="stmt"/>
      <line num="7" count="6" type="stmt"/>
      <line num="9" count="6" type="cond" truecount="4" falsecount="0"/>
      <line num="10" count="3" type="stmt"/>
      <line num="13" count="3" type="stmt"/>
      <line num="17" count="10" type="cond" truecount="2" falsecount="0"/>
      <line num="18" count="4" type="stmt"/>
      <line num="21" count="6" type="stmt"/>
      <line num="23" count="6" type="cond" truecount="4" falsecount="0"/>
      <line num="24" count="3" type="stmt"/>
      <line num="27" count="3" type="stmt"/>
      <line num="31" count="10" type="cond" truecount="2" falsecount="0"/>
      <line num="32" count="4" type="stmt"/>
      <line num="35" count="6" type="stmt"/>
      <line num="37" count="6" type="cond" truecount="4" falsecount="0"/>
      <line num="38" count="3" type="stmt"/>
      <line num="41" count="3" type="stmt"/>
      <line num="44" count="10" type="cond" truecount="2" falsecount="0"/>
      <line num="45" count="4" type="stmt"/>
      <line num="48" count="6" type="stmt"/>
      <line num="50" count="6" type="cond" truecount="4" falsecount="0"/>
      <line num="51" count="3" type="stmt"/>
      <line num="54" count="3" type="stmt"/>
      <line num="58" count="1" type="stmt"/>
    </file>
  </project>
</coverage>
