TN:
SF:src\FigureCalculator.js
FN:2,(anonymous_0)
FN:6,(anonymous_1)
FN:20,(anonymous_2)
FN:34,(anonymous_3)
FN:50,(anonymous_4)
FNF:5
FNH:5
FNDA:17,(anonymous_0)
FNDA:8,(anonymous_1)
FNDA:8,(anonymous_2)
FNDA:9,(anonymous_3)
FNDA:8,(anonymous_4)
DA:3,17
DA:7,8
DA:8,3
DA:11,5
DA:13,5
DA:14,3
DA:17,2
DA:21,8
DA:22,3
DA:25,5
DA:27,5
DA:28,3
DA:31,2
DA:35,9
DA:36,7
DA:39,2
DA:41,2
DA:42,0
DA:43,0
DA:47,2
DA:51,8
DA:52,3
DA:55,5
DA:57,5
DA:58,3
DA:61,2
DA:65,2
LF:27
LH:25
BRDA:7,0,0,3
BRDA:7,0,1,5
BRDA:13,1,0,3
BRDA:13,1,1,2
BRDA:13,2,0,5
BRDA:13,2,1,2
BRDA:21,3,0,3
BRDA:21,3,1,5
BRDA:27,4,0,3
BRDA:27,4,1,2
BRDA:27,5,0,5
BRDA:27,5,1,2
BRDA:35,6,0,7
BRDA:35,6,1,2
BRDA:41,7,0,0
BRDA:41,7,1,2
BRDA:41,8,0,2
BRDA:41,8,1,2
BRDA:42,9,0,0
BRDA:42,9,1,0
BRDA:51,10,0,3
BRDA:51,10,1,5
BRDA:57,11,0,3
BRDA:57,11,1,2
BRDA:57,12,0,5
BRDA:57,12,1,2
BRF:26
BRH:23
end_of_record
TN:
SF:src\MathBasic.js
FN:2,(anonymous_0)
FN:16,(anonymous_1)
FN:30,(anonymous_2)
FN:44,(anonymous_3)
FNF:4
FNH:4
FNDA:17,(anonymous_0)
FNDA:11,(anonymous_1)
FNDA:17,(anonymous_2)
FNDA:13,(anonymous_3)
DA:1,3
DA:3,17
DA:4,4
DA:7,13
DA:9,13
DA:10,3
DA:13,10
DA:17,11
DA:18,4
DA:21,7
DA:23,7
DA:24,3
DA:27,4
DA:31,17
DA:32,4
DA:35,13
DA:37,13
DA:38,3
DA:41,10
DA:45,13
DA:46,4
DA:49,9
DA:51,9
DA:52,3
DA:55,6
DA:59,3
LF:26
LH:26
BRDA:3,0,0,4
BRDA:3,0,1,13
BRDA:9,1,0,3
BRDA:9,1,1,10
BRDA:9,2,0,13
BRDA:9,2,1,10
BRDA:17,3,0,4
BRDA:17,3,1,7
BRDA:23,4,0,3
BRDA:23,4,1,4
BRDA:23,5,0,7
BRDA:23,5,1,4
BRDA:31,6,0,4
BRDA:31,6,1,13
BRDA:37,7,0,3
BRDA:37,7,1,10
BRDA:37,8,0,13
BRDA:37,8,1,10
BRDA:45,9,0,4
BRDA:45,9,1,9
BRDA:51,10,0,3
BRDA:51,10,1,6
BRDA:51,11,0,9
BRDA:51,11,1,6
BRF:24
BRH:24
end_of_record
TN:
SF:src\createServer.js
FN:3,(anonymous_0)
FN:13,(anonymous_1)
FN:22,(anonymous_2)
FN:31,(anonymous_3)
FN:40,(anonymous_4)
FN:49,(anonymous_5)
FN:61,(anonymous_6)
FN:73,(anonymous_7)
FN:86,(anonymous_8)
FNF:9
FNH:9
FNDA:8,(anonymous_0)
FNDA:1,(anonymous_1)
FNDA:1,(anonymous_2)
FNDA:1,(anonymous_3)
FNDA:1,(anonymous_4)
FNDA:1,(anonymous_5)
FNDA:1,(anonymous_6)
FNDA:1,(anonymous_7)
FNDA:1,(anonymous_8)
DA:1,1
DA:3,1
DA:4,8
DA:9,8
DA:14,1
DA:15,1
DA:16,1
DA:23,1
DA:24,1
DA:25,1
DA:32,1
DA:33,1
DA:34,1
DA:41,1
DA:42,1
DA:43,1
DA:50,1
DA:51,1
DA:55,1
DA:62,1
DA:63,1
DA:67,1
DA:74,1
DA:75,1
DA:80,1
DA:87,1
DA:88,1
DA:92,1
DA:97,8
DA:100,1
LF:30
LH:30
BRF:0
BRH:0
end_of_record
