TN:
SF:src\FigureCalculator.js
FN:2,(anonymous_0)
FN:6,(anonymous_1)
FN:20,(anonymous_2)
FN:34,(anonymous_3)
FN:50,(anonymous_4)
FNF:5
FNH:5
FNDA:13,(anonymous_0)
FNDA:7,(anonymous_1)
FNDA:7,(anonymous_2)
FNDA:8,(anonymous_3)
FNDA:7,(anonymous_4)
DA:3,13
DA:7,7
DA:8,3
DA:11,4
DA:13,4
DA:14,3
DA:17,1
DA:21,7
DA:22,3
DA:25,4
DA:27,4
DA:28,3
DA:31,1
DA:35,8
DA:36,7
DA:39,1
DA:41,1
DA:42,0
DA:43,0
DA:47,1
DA:51,7
DA:52,3
DA:55,4
DA:57,4
DA:58,3
DA:61,1
DA:65,1
LF:27
LH:25
BRDA:7,0,0,3
BRDA:7,0,1,4
BRDA:13,1,0,3
BRDA:13,1,1,1
BRDA:13,2,0,4
BRDA:13,2,1,1
BRDA:21,3,0,3
BRDA:21,3,1,4
BRDA:27,4,0,3
BRDA:27,4,1,1
BRDA:27,5,0,4
BRDA:27,5,1,1
BRDA:35,6,0,7
BRDA:35,6,1,1
BRDA:41,7,0,0
BRDA:41,7,1,1
BRDA:41,8,0,1
BRDA:41,8,1,1
BRDA:42,9,0,0
BRDA:42,9,1,0
BRDA:51,10,0,3
BRDA:51,10,1,4
BRDA:57,11,0,3
BRDA:57,11,1,1
BRDA:57,12,0,4
BRDA:57,12,1,1
BRF:26
BRH:23
end_of_record
TN:
SF:src\MathBasic.js
FN:2,(anonymous_0)
FN:16,(anonymous_1)
FN:30,(anonymous_2)
FN:44,(anonymous_3)
FNF:4
FNH:4
FNDA:13,(anonymous_0)
FNDA:10,(anonymous_1)
FNDA:13,(anonymous_2)
FNDA:11,(anonymous_3)
DA:1,2
DA:3,13
DA:4,4
DA:7,9
DA:9,9
DA:10,3
DA:13,6
DA:17,10
DA:18,4
DA:21,6
DA:23,6
DA:24,3
DA:27,3
DA:31,13
DA:32,4
DA:35,9
DA:37,9
DA:38,3
DA:41,6
DA:45,11
DA:46,4
DA:49,7
DA:51,7
DA:52,3
DA:55,4
DA:59,2
LF:26
LH:26
BRDA:3,0,0,4
BRDA:3,0,1,9
BRDA:9,1,0,3
BRDA:9,1,1,6
BRDA:9,2,0,9
BRDA:9,2,1,6
BRDA:17,3,0,4
BRDA:17,3,1,6
BRDA:23,4,0,3
BRDA:23,4,1,3
BRDA:23,5,0,6
BRDA:23,5,1,3
BRDA:31,6,0,4
BRDA:31,6,1,9
BRDA:37,7,0,3
BRDA:37,7,1,6
BRDA:37,8,0,9
BRDA:37,8,1,6
BRDA:45,9,0,4
BRDA:45,9,1,7
BRDA:51,10,0,3
BRDA:51,10,1,4
BRDA:51,11,0,7
BRDA:51,11,1,4
BRF:24
BRH:24
end_of_record
